# JRE version: OpenJDK Runtime Environment (8.0_242-b01) (build 1.8.0_242-release-1644-b01)
# Java VM: OpenJDK 64-Bit Server VM (25.242-b01 mixed mode windows-amd64 compressed oops)
Heap:
 PSYoungGen      total 312320K, used 29852K [0x00000000d5580000, 0x00000000ecd80000, 0x0000000100000000)
  eden space 271360K, 11% used [0x00000000d5580000,0x00000000d72a7278,0x00000000e5e80000)
  from space 40960K, 0% used [0x00000000ea580000,0x00000000ea580000,0x00000000ecd80000)
  to   space 33792K, 0% used [0x00000000e5e80000,0x00000000e5e80000,0x00000000e7f80000)
 ParOldGen       total 290816K, used 67590K [0x0000000080000000, 0x0000000091c00000, 0x00000000d5580000)
  object space 290816K, 23% used [0x0000000080000000,0x0000000084201800,0x0000000091c00000)
 Metaspace       used 96784K, capacity 101402K, committed 102552K, reserved 1138688K
  class space    used 12870K, capacity 13733K, committed 14000K, reserved 1048576K
GC Heap History (10 events):
Event: 21.833 GC heap before
{Heap before GC invocations=20 (full 3):
 PSYoungGen      total 303104K, used 295705K [0x00000000d5580000, 0x00000000ea580000, 0x0000000100000000)
  eden space 271360K, 100% used [0x00000000d5580000,0x00000000e5e80000,0x00000000e5e80000)
  from space 31744K, 76% used [0x00000000e7f80000,0x00000000e9746728,0x00000000e9e80000)
  to   space 33792K, 0% used [0x00000000e5e80000,0x00000000e5e80000,0x00000000e7f80000)
 ParOldGen       total 123392K, used 38180K [0x0000000080000000, 0x0000000087880000, 0x00000000d5580000)
  object space 123392K, 30% used [0x0000000080000000,0x0000000082549078,0x0000000087880000)
 Metaspace       used 81132K, capacity 85072K, committed 85272K, reserved 1122304K
  class space    used 11041K, capacity 11788K, committed 11824K, reserved 1048576K
Event: 21.879 GC heap after
Heap after GC invocations=20 (full 3):
 PSYoungGen      total 305152K, used 33761K [0x00000000d5580000, 0x00000000ecd80000, 0x0000000100000000)
  eden space 271360K, 0% used [0x00000000d5580000,0x00000000d5580000,0x00000000e5e80000)
  from space 33792K, 99% used [0x00000000e5e80000,0x00000000e7f78798,0x00000000e7f80000)
  to   space 40960K, 0% used [0x00000000ea580000,0x00000000ea580000,0x00000000ecd80000)
 ParOldGen       total 123392K, used 43290K [0x0000000080000000, 0x0000000087880000, 0x00000000d5580000)
  object space 123392K, 35% used [0x0000000080000000,0x0000000082a46af0,0x0000000087880000)
 Metaspace       used 81132K, capacity 85072K, committed 85272K, reserved 1122304K
  class space    used 11041K, capacity 11788K, committed 11824K, reserved 1048576K
}
Event: 23.200 GC heap before
{Heap before GC invocations=21 (full 3):
 PSYoungGen      total 305152K, used 305121K [0x00000000d5580000, 0x00000000ecd80000, 0x0000000100000000)
  eden space 271360K, 100% used [0x00000000d5580000,0x00000000e5e80000,0x00000000e5e80000)
  from space 33792K, 99% used [0x00000000e5e80000,0x00000000e7f78798,0x00000000e7f80000)
  to   space 40960K, 0% used [0x00000000ea580000,0x00000000ea580000,0x00000000ecd80000)
 ParOldGen       total 123392K, used 43290K [0x0000000080000000, 0x0000000087880000, 0x00000000d5580000)
  object space 123392K, 35% used [0x0000000080000000,0x0000000082a46af0,0x0000000087880000)
 Metaspace       used 91497K, capacity 96868K, committed 97176K, reserved 1132544K
  class space    used 12653K, capacity 13656K, committed 13744K, reserved 1048576K
Event: 23.266 GC heap after
Heap after GC invocations=21 (full 3):
 PSYoungGen      total 312320K, used 40955K [0x00000000d5580000, 0x00000000ecd80000, 0x0000000100000000)
  eden space 271360K, 0% used [0x00000000d5580000,0x00000000d5580000,0x00000000e5e80000)
  from space 40960K, 99% used [0x00000000ea580000,0x00000000ecd7edd0,0x00000000ecd80000)
  to   space 33792K, 0% used [0x00000000e5e80000,0x00000000e5e80000,0x00000000e7f80000)
 ParOldGen       total 123392K, used 103011K [0x0000000080000000, 0x0000000087880000, 0x00000000d5580000)
  object space 123392K, 83% used [0x0000000080000000,0x0000000086498d70,0x0000000087880000)
 Metaspace       used 91497K, capacity 96868K, committed 97176K, reserved 1132544K
  class space    used 12653K, capacity 13656K, committed 13744K, reserved 1048576K
}
Event: 23.266 GC heap before
{Heap before GC invocations=22 (full 4):
 PSYoungGen      total 312320K, used 40955K [0x00000000d5580000, 0x00000000ecd80000, 0x0000000100000000)
  eden space 271360K, 0% used [0x00000000d5580000,0x00000000d5580000,0x00000000e5e80000)
  from space 40960K, 99% used [0x00000000ea580000,0x00000000ecd7edd0,0x00000000ecd80000)
  to   space 33792K, 0% used [0x00000000e5e80000,0x00000000e5e80000,0x00000000e7f80000)
 ParOldGen       total 123392K, used 103011K [0x0000000080000000, 0x0000000087880000, 0x00000000d5580000)
  object space 123392K, 83% used [0x0000000080000000,0x0000000086498d70,0x0000000087880000)
 Metaspace       used 91497K, capacity 96868K, committed 97176K, reserved 1132544K
  class space    used 12653K, capacity 13656K, committed 13744K, reserved 1048576K
Event: 23.809 GC heap after
Heap after GC invocations=22 (full 4):
 PSYoungGen      total 312320K, used 4589K [0x00000000d5580000, 0x00000000ecd80000, 0x0000000100000000)
  eden space 271360K, 0% used [0x00000000d5580000,0x00000000d5580000,0x00000000e5e80000)
  from space 40960K, 11% used [0x00000000ea580000,0x00000000ea9fb4a0,0x00000000ecd80000)
  to   space 33792K, 0% used [0x00000000e5e80000,0x00000000e5e80000,0x00000000e7f80000)
 ParOldGen       total 123392K, used 122920K [0x0000000080000000, 0x0000000087880000, 0x00000000d5580000)
  object space 123392K, 99% used [0x0000000080000000,0x000000008780a2a8,0x0000000087880000)
 Metaspace       used 90872K, capacity 95132K, committed 97176K, reserved 1132544K
  class space    used 12443K, capacity 13286K, committed 13744K, reserved 1048576K
}
Event: 25.768 GC heap before
{Heap before GC invocations=23 (full 5):
 PSYoungGen      total 312320K, used 275949K [0x00000000d5580000, 0x00000000ecd80000, 0x0000000100000000)
  eden space 271360K, 100% used [0x00000000d5580000,0x00000000e5e80000,0x00000000e5e80000)
  from space 40960K, 11% used [0x00000000ea580000,0x00000000ea9fb4a0,0x00000000ecd80000)
  to   space 33792K, 0% used [0x00000000e5e80000,0x00000000e5e80000,0x00000000e7f80000)
 ParOldGen       total 123392K, used 122920K [0x0000000080000000, 0x0000000087880000, 0x00000000d5580000)
  object space 123392K, 99% used [0x0000000080000000,0x000000008780a2a8,0x0000000087880000)
 Metaspace       used 91520K, capacity 95878K, committed 97688K, reserved 1132544K
  class space    used 12470K, capacity 13309K, committed 13744K, reserved 1048576K
Event: 26.730 GC heap after
Heap after GC invocations=23 (full 5):
 PSYoungGen      total 312320K, used 16997K [0x00000000d5580000, 0x00000000ecd80000, 0x0000000100000000)
  eden space 271360K, 6% used [0x00000000d5580000,0x00000000d6619500,0x00000000e5e80000)
  from space 40960K, 0% used [0x00000000ea580000,0x00000000ea580000,0x00000000ecd80000)
  to   space 33792K, 0% used [0x00000000e5e80000,0x00000000e5e80000,0x00000000e7f80000)
 ParOldGen       total 123392K, used 123371K [0x0000000080000000, 0x0000000087880000, 0x00000000d5580000)
  object space 123392K, 99% used [0x0000000080000000,0x000000008787aeb0,0x0000000087880000)
 Metaspace       used 91515K, capacity 95860K, committed 97688K, reserved 1132544K
  class space    used 12468K, capacity 13306K, committed 13744K, reserved 1048576K
}
Event: 134.207 GC heap before
{Heap before GC invocations=24 (full 6):
 PSYoungGen      total 312320K, used 271360K [0x00000000d5580000, 0x00000000ecd80000, 0x0000000100000000)
  eden space 271360K, 100% used [0x00000000d5580000,0x00000000e5e80000,0x00000000e5e80000)
  from space 40960K, 0% used [0x00000000ea580000,0x00000000ea580000,0x00000000ecd80000)
  to   space 33792K, 0% used [0x00000000e5e80000,0x00000000e5e80000,0x00000000e7f80000)
 ParOldGen       total 123392K, used 123371K [0x0000000080000000, 0x0000000087880000, 0x00000000d5580000)
  object space 123392K, 99% used [0x0000000080000000,0x000000008787aeb0,0x0000000087880000)
 Metaspace       used 96605K, capacity 101140K, committed 102296K, reserved 1138688K
  class space    used 12865K, capacity 13724K, committed 14000K, reserved 1048576K
Event: 134.379 GC heap after
Heap after GC invocations=24 (full 6):
 PSYoungGen      total 312320K, used 0K [0x00000000d5580000, 0x00000000ecd80000, 0x0000000100000000)
  eden space 271360K, 0% used [0x00000000d5580000,0x00000000d5580000,0x00000000e5e80000)
  from space 40960K, 0% used [0x00000000ea580000,0x00000000ea580000,0x00000000ecd80000)
  to   space 33792K, 0% used [0x00000000e5e80000,0x00000000e5e80000,0x00000000e7f80000)
 ParOldGen       total 290816K, used 67590K [0x0000000080000000, 0x0000000091c00000, 0x00000000d5580000)
  object space 290816K, 23% used [0x0000000080000000,0x0000000084201800,0x0000000091c00000)
 Metaspace       used 96605K, capacity 101140K, committed 102296K, reserved 1138688K
  class space    used 12865K, capacity 13724K, committed 14000K, reserved 1048576K
}

