# JRE version: OpenJDK Runtime Environment (8.0_242-b01) (build 1.8.0_242-release-1644-b01)
# Java VM: OpenJDK 64-Bit Server VM (25.242-b01 mixed mode windows-amd64 compressed oops)
Heap:
 PSYoungGen      total 550912K, used 195536K [0x00000000d5580000, 0x00000000f9600000, 0x0000000100000000)
  eden space 511488K, 37% used [0x00000000d5580000,0x00000000e1340c00,0x00000000f4900000)
  from space 39424K, 3% used [0x00000000f4900000,0x00000000f4a335c8,0x00000000f6f80000)
  to   space 34304K, 0% used [0x00000000f7480000,0x00000000f7480000,0x00000000f9600000)
 ParOldGen       total 224256K, used 157797K [0x0000000080000000, 0x000000008db00000, 0x00000000d5580000)
  object space 224256K, 70% used [0x0000000080000000,0x0000000089a19478,0x000000008db00000)
 Metaspace       used 111469K, capacity 117557K, committed 118092K, reserved 1150976K
  class space    used 14421K, capacity 15602K, committed 15744K, reserved 1048576K
GC Heap History (10 events):
Event: 1950.816 GC heap before
{Heap before GC invocations=40 (full 5):
 PSYoungGen      total 487936K, used 436224K [0x00000000d5580000, 0x00000000f6400000, 0x0000000100000000)
  eden space 436224K, 100% used [0x00000000d5580000,0x00000000eff80000,0x00000000eff80000)
  from space 51712K, 0% used [0x00000000f3000000,0x00000000f3000000,0x00000000f6280000)
  to   space 49664K, 0% used [0x00000000eff80000,0x00000000eff80000,0x00000000f3000000)
 ParOldGen       total 224256K, used 141589K [0x0000000080000000, 0x000000008db00000, 0x00000000d5580000)
  object space 224256K, 63% used [0x0000000080000000,0x0000000088a45410,0x000000008db00000)
 Metaspace       used 110610K, capacity 116579K, committed 117324K, reserved 1150976K
  class space    used 14346K, capacity 15529K, committed 15744K, reserved 1048576K
Event: 1950.868 GC heap after
Heap after GC invocations=40 (full 5):
 PSYoungGen      total 485888K, used 5952K [0x00000000d5580000, 0x00000000f9d00000, 0x0000000100000000)
  eden space 436224K, 0% used [0x00000000d5580000,0x00000000d5580000,0x00000000eff80000)
  from space 49664K, 11% used [0x00000000eff80000,0x00000000f0550000,0x00000000f3000000)
  to   space 41472K, 0% used [0x00000000f7480000,0x00000000f7480000,0x00000000f9d00000)
 ParOldGen       total 224256K, used 141589K [0x0000000080000000, 0x000000008db00000, 0x00000000d5580000)
  object space 224256K, 63% used [0x0000000080000000,0x0000000088a45410,0x000000008db00000)
 Metaspace       used 110610K, capacity 116579K, committed 117324K, reserved 1150976K
  class space    used 14346K, capacity 15529K, committed 15744K, reserved 1048576K
}
Event: 1951.681 GC heap before
{Heap before GC invocations=41 (full 5):
 PSYoungGen      total 485888K, used 442176K [0x00000000d5580000, 0x00000000f9d00000, 0x0000000100000000)
  eden space 436224K, 100% used [0x00000000d5580000,0x00000000eff80000,0x00000000eff80000)
  from space 49664K, 11% used [0x00000000eff80000,0x00000000f0550000,0x00000000f3000000)
  to   space 41472K, 0% used [0x00000000f7480000,0x00000000f7480000,0x00000000f9d00000)
 ParOldGen       total 224256K, used 141589K [0x0000000080000000, 0x000000008db00000, 0x00000000d5580000)
  object space 224256K, 63% used [0x0000000080000000,0x0000000088a45410,0x000000008db00000)
 Metaspace       used 110628K, capacity 116643K, committed 117324K, reserved 1150976K
  class space    used 14346K, capacity 15529K, committed 15744K, reserved 1048576K
Event: 1951.704 GC heap after
Heap after GC invocations=41 (full 5):
 PSYoungGen      total 545792K, used 7901K [0x00000000d5580000, 0x00000000f9600000, 0x0000000100000000)
  eden space 511488K, 0% used [0x00000000d5580000,0x00000000d5580000,0x00000000f4900000)
  from space 34304K, 23% used [0x00000000f7480000,0x00000000f7c376c0,0x00000000f9600000)
  to   space 39424K, 0% used [0x00000000f4900000,0x00000000f4900000,0x00000000f6f80000)
 ParOldGen       total 224256K, used 146300K [0x0000000080000000, 0x000000008db00000, 0x00000000d5580000)
  object space 224256K, 65% used [0x0000000080000000,0x0000000088edf218,0x000000008db00000)
 Metaspace       used 110628K, capacity 116643K, committed 117324K, reserved 1150976K
  class space    used 14346K, capacity 15529K, committed 15744K, reserved 1048576K
}
Event: 1952.712 GC heap before
{Heap before GC invocations=42 (full 5):
 PSYoungGen      total 545792K, used 519389K [0x00000000d5580000, 0x00000000f9600000, 0x0000000100000000)
  eden space 511488K, 100% used [0x00000000d5580000,0x00000000f4900000,0x00000000f4900000)
  from space 34304K, 23% used [0x00000000f7480000,0x00000000f7c376c0,0x00000000f9600000)
  to   space 39424K, 0% used [0x00000000f4900000,0x00000000f4900000,0x00000000f6f80000)
 ParOldGen       total 224256K, used 146300K [0x0000000080000000, 0x000000008db00000, 0x00000000d5580000)
  object space 224256K, 65% used [0x0000000080000000,0x0000000088edf218,0x000000008db00000)
 Metaspace       used 110678K, capacity 116665K, committed 117324K, reserved 1150976K
  class space    used 14349K, capacity 15532K, committed 15744K, reserved 1048576K
Event: 1952.739 GC heap after
Heap after GC invocations=42 (full 5):
 PSYoungGen      total 550912K, used 7087K [0x00000000d5580000, 0x00000000f9600000, 0x0000000100000000)
  eden space 511488K, 0% used [0x00000000d5580000,0x00000000d5580000,0x00000000f4900000)
  from space 39424K, 17% used [0x00000000f4900000,0x00000000f4febeb0,0x00000000f6f80000)
  to   space 34304K, 0% used [0x00000000f7480000,0x00000000f7480000,0x00000000f9600000)
 ParOldGen       total 224256K, used 152937K [0x0000000080000000, 0x000000008db00000, 0x00000000d5580000)
  object space 224256K, 68% used [0x0000000080000000,0x000000008955a5d8,0x000000008db00000)
 Metaspace       used 110678K, capacity 116665K, committed 117324K, reserved 1150976K
  class space    used 14349K, capacity 15532K, committed 15744K, reserved 1048576K
}
Event: 1954.015 GC heap before
{Heap before GC invocations=43 (full 5):
 PSYoungGen      total 550912K, used 518575K [0x00000000d5580000, 0x00000000f9600000, 0x0000000100000000)
  eden space 511488K, 100% used [0x00000000d5580000,0x00000000f4900000,0x00000000f4900000)
  from space 39424K, 17% used [0x00000000f4900000,0x00000000f4febeb0,0x00000000f6f80000)
  to   space 34304K, 0% used [0x00000000f7480000,0x00000000f7480000,0x00000000f9600000)
 ParOldGen       total 224256K, used 152937K [0x0000000080000000, 0x000000008db00000, 0x00000000d5580000)
  object space 224256K, 68% used [0x0000000080000000,0x000000008955a5d8,0x000000008db00000)
 Metaspace       used 110697K, capacity 116669K, committed 117324K, reserved 1150976K
  class space    used 14349K, capacity 15532K, committed 15744K, reserved 1048576K
Event: 1954.082 GC heap after
Heap after GC invocations=43 (full 5):
 PSYoungGen      total 545792K, used 8864K [0x00000000d5580000, 0x00000000f9600000, 0x0000000100000000)
  eden space 511488K, 0% used [0x00000000d5580000,0x00000000d5580000,0x00000000f4900000)
  from space 34304K, 25% used [0x00000000f7480000,0x00000000f7d282f0,0x00000000f9600000)
  to   space 39424K, 0% used [0x00000000f4900000,0x00000000f4900000,0x00000000f6f80000)
 ParOldGen       total 224256K, used 155590K [0x0000000080000000, 0x000000008db00000, 0x00000000d5580000)
  object space 224256K, 69% used [0x0000000080000000,0x00000000897f1818,0x000000008db00000)
 Metaspace       used 110697K, capacity 116669K, committed 117324K, reserved 1150976K
  class space    used 14349K, capacity 15532K, committed 15744K, reserved 1048576K
}
Event: 1956.397 GC heap before
{Heap before GC invocations=44 (full 5):
 PSYoungGen      total 545792K, used 520352K [0x00000000d5580000, 0x00000000f9600000, 0x0000000100000000)
  eden space 511488K, 100% used [0x00000000d5580000,0x00000000f4900000,0x00000000f4900000)
  from space 34304K, 25% used [0x00000000f7480000,0x00000000f7d282f0,0x00000000f9600000)
  to   space 39424K, 0% used [0x00000000f4900000,0x00000000f4900000,0x00000000f6f80000)
 ParOldGen       total 224256K, used 155590K [0x0000000080000000, 0x000000008db00000, 0x00000000d5580000)
  object space 224256K, 69% used [0x0000000080000000,0x00000000897f1818,0x000000008db00000)
 Metaspace       used 110803K, capacity 116777K, committed 117324K, reserved 1150976K
  class space    used 14360K, capacity 15540K, committed 15744K, reserved 1048576K
Event: 1956.409 GC heap after
Heap after GC invocations=44 (full 5):
 PSYoungGen      total 550912K, used 1229K [0x00000000d5580000, 0x00000000f9600000, 0x0000000100000000)
  eden space 511488K, 0% used [0x00000000d5580000,0x00000000d5580000,0x00000000f4900000)
  from space 39424K, 3% used [0x00000000f4900000,0x00000000f4a335c8,0x00000000f6f80000)
  to   space 34304K, 0% used [0x00000000f7480000,0x00000000f7480000,0x00000000f9600000)
 ParOldGen       total 224256K, used 157797K [0x0000000080000000, 0x000000008db00000, 0x00000000d5580000)
  object space 224256K, 70% used [0x0000000080000000,0x0000000089a19478,0x000000008db00000)
 Metaspace       used 110803K, capacity 116777K, committed 117324K, reserved 1150976K
  class space    used 14360K, capacity 15540K, committed 15744K, reserved 1048576K
}

